<?xml version="1.0" encoding="UTF-8"?>
<!-- Generated by org.testng.reporters.JUnitReportReporter -->
<testsuite hostname="XX0902000250" name="executionEngine.NewTest" tests="2" failures="0" timestamp="27 Apr 2018 21:17:50 GMT" time="75.769" errors="0">
  <testcase name="testLogic" time="42.926" classname="executionEngine.NewTest"/>
  <testcase name="testLogic" time="32.843" classname="executionEngine.NewTest"/>
</testsuite> <!-- executionEngine.NewTest -->
