<?xml version="1.0" encoding="UTF-8"?>
<!-- Generated by org.testng.reporters.JUnitReportReporter -->
<testsuite hostname="XX0902000250" name="executionEngine.NewTest" tests="1" failures="0" timestamp="27 Apr 2018 11:24:09 GMT" time="42.965" errors="0">
  <testcase name="Test_01" time="42.965" classname="executionEngine.NewTest"/>
</testsuite> <!-- executionEngine.NewTest -->
